[2020-12-16 14:17:53] [error] [ERROR] [{"message":"Not Found"}] 
[2020-12-16 14:44:22] [error] [ERROR] [{"message":"Not Found"}] 
[2020-12-16 14:45:57] [error] [ERROR] [{"message":"Not Found"}] 
[2020-12-16 14:47:03] [error] [ERROR] [{"message":"Not Found"}] 
[2020-12-16 15:20:35] [error] [ERROR] [{"message":"Not Found"}] 
[2020-12-16 15:21:50] [error] [ERROR] [{"message":"Not Found"}] 
[2020-12-16 15:21:55] [error] [ERROR] [{"message":"Not Found"}] 
[2020-12-16 15:21:58] [error] [ERROR] [{"message":"Not Found"}] 
[2020-12-16 15:25:16] [error] [ERROR] [{"message":"Not Found"}] 
[2020-12-16 15:26:33] [error] [ERROR] [{"message":"Not Found"}] 
[2020-12-16 15:27:05] [error] [ERROR] [{"message":"Not Found"}] 
[2020-12-16 15:27:23] [error] [ERROR] [{"message":"Not Found"}] 
[2020-12-16 15:27:47] [error] [ERROR] [{"message":"Not Found"}] 
[2020-12-16 15:27:53] [error] [ERROR] [{"message":"Not Found"}] 
[2020-12-16 15:28:00] [error] [ERROR] [{"message":"Not Found"}] 
[2020-12-16 15:28:01] [error] [ERROR] [{"message":"Not Found"}] 
[2020-12-16 15:30:01] [error] [ERROR] [{"message":"Not Found"}] 
[2020-12-16 15:33:16] [error] [ERROR] [{"message":"Not Found"}] 
[2020-12-16 15:34:49] [error] [ERROR] [{"message":"Not Found"}] 
[2020-12-16 15:35:50] [error] [ERROR] [{"message":"Not Found"}] 
[2020-12-16 15:36:24] [error] [ERROR] [{"message":"Not Found"}] 
[2020-12-16 15:38:24] [error] [ERROR] [{"message":"Not Found"}] 
[2020-12-16 15:40:16] [error] [ERROR] [{"message":"Not Found"}] 
[2020-12-16 15:42:16] [error] [ERROR] [{"message":"Not Found"}] 
[2020-12-18 09:00:31] [error] [ERROR] [{"message":"Not Found"}] 
[2020-12-18 09:09:51] [error] [ERROR] ["No accounts"] 
[2020-12-18 09:09:51] [error] [ERROR] [{}] 
[2020-12-18 09:10:33] [error] [ERROR] ["No accounts"] 
[2020-12-18 09:10:46] [error] [SUCCESS] [[{"user_id":1,"username":"admin","full_name":"admin","password":"admin","created_on":"2020-12-17T17:00:00.000Z"}]] 
[2020-12-18 09:11:15] [error] [SUCCESS] [[{"user_id":1,"username":"admin","full_name":"admin","password":"admin","created_on":"2020-12-17T17:00:00.000Z"}]] 
[2020-12-18 09:19:14] [error] [ERROR] [{"length":91,"name":"error","severity":"ERROR","code":"42601","position":"136","file":"scan.l","line":"1149","routine":"scanner_yyerror"}] 
[2020-12-18 09:21:43] [error] [ERROR] [{}] 
[2020-12-18 09:22:55] [error] [ERROR] ["accounts ton tai"] 
[2020-12-18 09:23:08] [error] [SUCCESS] ["success"] 
[2020-12-18 09:23:13] [error] [ERROR] ["accounts ton tai"] 
[2020-12-18 09:28:45] [error] [ERROR] [{}] 
[2020-12-18 09:28:59] [error] [ERROR] [{}] 
[2020-12-18 09:29:11] [error] [ERROR] [{}] 
[2020-12-18 09:33:09] [error] [ERROR] [{}] 
[2020-12-18 09:33:28] [error] [ERROR] [{}] 
[2020-12-18 09:34:07] [error] [ERROR] [{}] 
[2020-12-18 09:34:54] [error] [ERROR] [{}] 
[2020-12-18 09:35:29] [error] [ERROR] [{}] 
[2020-12-18 09:36:35] [error] [ERROR] [{}] 
[2020-12-18 10:00:27] [error] [ERROR] [{"length":90,"name":"error","severity":"ERROR","code":"42601","position":"99","file":"scan.l","line":"1149","routine":"scanner_yyerror"}] 
[2020-12-22 09:57:02] [error] [SUCCESS] [[{"user_id":1,"username":"admin","full_name":"admin","password":"admin","created_on":"2020-12-17T17:00:00.000Z"}]] 
